#
# There is insufficient memory for the Java Runtime Environment to continue.
# Native memory allocation (malloc) failed to allocate 1135856 bytes. Error detail: Chunk::new
# Possible reasons:
#   The system is out of physical RAM or swap space
#   This process is running with CompressedOops enabled, and the Java Heap may be blocking the growth of the native heap
# Possible solutions:
#   Reduce memory load on the system
#   Increase physical memory or swap space
#   Check if swap backing store is full
#   Decrease Java heap size (-Xmx/-Xms)
#   Decrease number of Java threads
#   Decrease Java thread stack sizes (-Xss)
#   Set larger code cache with -XX:ReservedCodeCacheSize=
#   JVM is running with Unscaled Compressed Oops mode in which the Java heap is
#     placed in the first 4GB address space. The Java Heap base address is the
#     maximum limit for the native heap growth. Please use -XX:HeapBaseMinAddress
#     to set the Java Heap base and to place the Java Heap above 4GB virtual address.
# This output file may be truncated or incomplete.
#
#  Out of Memory Error (arena.cpp:168), pid=31208, tid=21776
#
# JRE version: OpenJDK Runtime Environment Temurin-21.0.7+6 (21.0.7+6) (build 21.0.7+6-LTS)
# Java VM: OpenJDK 64-Bit Server VM Temurin-21.0.7+6 (21.0.7+6-LTS, mixed mode, sharing, tiered, compressed oops, compressed class ptrs, parallel gc, windows-amd64)
# No core dump will be written. Minidumps are not enabled by default on client versions of Windows
#

---------------  S U M M A R Y ------------

Command Line: --add-modules=ALL-SYSTEM --add-opens=java.base/java.util=ALL-UNNAMED --add-opens=java.base/java.lang=ALL-UNNAMED --add-opens=java.base/sun.nio.fs=ALL-UNNAMED -Declipse.application=org.eclipse.jdt.ls.core.id1 -Dosgi.bundles.defaultStartLevel=4 -Declipse.product=org.eclipse.jdt.ls.core.product -Djava.import.generatesMetadataFilesAtProjectRoot=false -DDetectVMInstallationsJob.disabled=true -Dfile.encoding=utf8 -XX:+UseParallelGC -XX:GCTimeRatio=4 -XX:AdaptiveSizePolicyWeight=90 -Dsun.zip.disableMemoryMapping=true -Xmx1G -Xms100m -Xlog:disable -javaagent:c:\Users\Lenovo\.vscode\extensions\redhat.java-1.42.0-win32-x64\lombok\lombok-1.18.36.jar c:\Users\Lenovo\.vscode\extensions\redhat.java-1.42.0-win32-x64\server\plugins\org.eclipse.equinox.launcher_1.7.0.v20250424-1814.jar -configuration c:\Users\Lenovo\AppData\Roaming\Code\User\globalStorage\redhat.java\1.42.0\config_ss_win -data c:\Users\Lenovo\AppData\Roaming\Code\User\workspaceStorage\14d0e62051c34b97946144e9c9461e37\redhat.java\ss_ws --pipe=\\.\pipe\lsp-0c95616195620cb8d48e47fe82a76763-sock

Host: 13th Gen Intel(R) Core(TM) i5-13450HX, 16 cores, 11G,  Windows 11 , 64 bit Build 26100 (10.0.26100.3323)
Time: Thu May 29 00:23:01 2025 SE Asia Standard Time elapsed time: 17.754341 seconds (0d 0h 0m 17s)

---------------  T H R E A D  ---------------

Current thread (0x00000204eeaef5c0):  JavaThread "C2 CompilerThread1" daemon [_thread_in_native, id=21776, stack(0x000000de5c000000,0x000000de5c100000) (1024K)]


Current CompileTask:
C2:17754 2724       4       org.lombokweb.asm.ClassReader::readMethod (1070 bytes)

Stack: [0x000000de5c000000,0x000000de5c100000]
Native frames: (J=compiled Java code, j=interpreted, Vv=VM code, C=native code)
V  [jvm.dll+0x6ce119]
V  [jvm.dll+0x8a84a1]
V  [jvm.dll+0x8aa9ce]
V  [jvm.dll+0x8ab0b3]
V  [jvm.dll+0x27f8a6]
V  [jvm.dll+0xc507d]
V  [jvm.dll+0xc55b3]
V  [jvm.dll+0x3b68f2]
V  [jvm.dll+0x382aa5]
V  [jvm.dll+0x381f0a]
V  [jvm.dll+0x247af0]
V  [jvm.dll+0x2470cf]
V  [jvm.dll+0x1c760e]
V  [jvm.dll+0x25695a]
V  [jvm.dll+0x254efa]
V  [jvm.dll+0x3f03f6]
V  [jvm.dll+0x851f6b]
V  [jvm.dll+0x6cc7dd]
C  [ucrtbase.dll+0x37b0]
C  [KERNEL32.DLL+0x2e8d7]
C  [ntdll.dll+0xbbf6c]


---------------  P R O C E S S  ---------------

Threads class SMR info:
_java_thread_list=0x00000204eeae2b40, length=22, elements={
0x0000020491a3ee20, 0x0000020491ae5400, 0x0000020491ae7260, 0x0000020491aeb6e0,
0x0000020491aec330, 0x0000020491aeff50, 0x00000204e83b8430, 0x0000020491afe900,
0x00000204e83c2490, 0x00000204e83b69f0, 0x00000204e83b4fb0, 0x00000204e83b7da0,
0x00000204e83b5640, 0x00000204e83b7080, 0x00000204e83b5cd0, 0x00000204e83b7710,
0x00000204e83b6360, 0x00000204ef075aa0, 0x00000204ef073340, 0x00000204eeaef5c0,
0x00000204ee83d740, 0x00000204ee99b230
}

Java Threads: ( => current thread )
  0x0000020491a3ee20 JavaThread "main"                              [_thread_blocked, id=15684, stack(0x000000de59f00000,0x000000de5a000000) (1024K)]
  0x0000020491ae5400 JavaThread "Reference Handler"          daemon [_thread_blocked, id=28808, stack(0x000000de5a300000,0x000000de5a400000) (1024K)]
  0x0000020491ae7260 JavaThread "Finalizer"                  daemon [_thread_blocked, id=24004, stack(0x000000de5a400000,0x000000de5a500000) (1024K)]
  0x0000020491aeb6e0 JavaThread "Signal Dispatcher"          daemon [_thread_blocked, id=23172, stack(0x000000de5a500000,0x000000de5a600000) (1024K)]
  0x0000020491aec330 JavaThread "Attach Listener"            daemon [_thread_blocked, id=16936, stack(0x000000de5a600000,0x000000de5a700000) (1024K)]
  0x0000020491aeff50 JavaThread "Service Thread"             daemon [_thread_blocked, id=3116, stack(0x000000de5a700000,0x000000de5a800000) (1024K)]
  0x00000204e83b8430 JavaThread "Monitor Deflation Thread"   daemon [_thread_blocked, id=27660, stack(0x000000de5a800000,0x000000de5a900000) (1024K)]
  0x0000020491afe900 JavaThread "C2 CompilerThread0"         daemon [_thread_blocked, id=30132, stack(0x000000de5a900000,0x000000de5aa00000) (1024K)]
  0x00000204e83c2490 JavaThread "C1 CompilerThread0"         daemon [_thread_blocked, id=3316, stack(0x000000de5aa00000,0x000000de5ab00000) (1024K)]
  0x00000204e83b69f0 JavaThread "Common-Cleaner"             daemon [_thread_blocked, id=27652, stack(0x000000de5ab00000,0x000000de5ac00000) (1024K)]
  0x00000204e83b4fb0 JavaThread "Notification Thread"        daemon [_thread_blocked, id=28136, stack(0x000000de5b000000,0x000000de5b100000) (1024K)]
  0x00000204e83b7da0 JavaThread "Active Thread: Equinox Container: 8deee93d-8a78-4c3e-8d85-11d528a38743"        [_thread_blocked, id=23456, stack(0x000000de5b700000,0x000000de5b800000) (1024K)]
  0x00000204e83b5640 JavaThread "Framework Event Dispatcher: Equinox Container: 8deee93d-8a78-4c3e-8d85-11d528a38743" daemon [_thread_blocked, id=28544, stack(0x000000de5ac00000,0x000000de5ad00000) (1024K)]
  0x00000204e83b7080 JavaThread "Start Level: Equinox Container: 8deee93d-8a78-4c3e-8d85-11d528a38743" daemon [_thread_blocked, id=5432, stack(0x000000de5ad00000,0x000000de5ae00000) (1024K)]
  0x00000204e83b5cd0 JavaThread "SCR Component Actor"        daemon [_thread_blocked, id=5992, stack(0x000000de5ae00000,0x000000de5af00000) (1024K)]
  0x00000204e83b7710 JavaThread "SCR Component Registry"     daemon [_thread_blocked, id=31664, stack(0x000000de5af00000,0x000000de5b000000) (1024K)]
  0x00000204e83b6360 JavaThread "Worker-JM"                         [_thread_blocked, id=16528, stack(0x000000de5bb00000,0x000000de5bc00000) (1024K)]
  0x00000204ef075aa0 JavaThread "Worker-0"                          [_thread_blocked, id=18684, stack(0x000000de5be00000,0x000000de5bf00000) (1024K)]
  0x00000204ef073340 JavaThread "Worker-1"                          [_thread_blocked, id=29616, stack(0x000000de5bf00000,0x000000de5c000000) (1024K)]
=>0x00000204eeaef5c0 JavaThread "C2 CompilerThread1"         daemon [_thread_in_native, id=21776, stack(0x000000de5c000000,0x000000de5c100000) (1024K)]
  0x00000204ee83d740 JavaThread "C1 CompilerThread1"         daemon [_thread_blocked, id=19320, stack(0x000000de5b900000,0x000000de5ba00000) (1024K)]
  0x00000204ee99b230 JavaThread "C1 CompilerThread2"         daemon [_thread_blocked, id=30220, stack(0x000000de5ba00000,0x000000de5bb00000) (1024K)]
Total: 22

Other Threads:
  0x000002048f692790 VMThread "VM Thread"                           [id=31072, stack(0x000000de5a200000,0x000000de5a300000) (1024K)]
  0x00000204a5d0ca00 WatcherThread "VM Periodic Task Thread"        [id=13512, stack(0x000000de5a100000,0x000000de5a200000) (1024K)]
  0x000002048f692050 WorkerThread "GC Thread#0"                     [id=20852, stack(0x000000de5a000000,0x000000de5a100000) (1024K)]
  0x000002048f692b30 WorkerThread "GC Thread#1"                     [id=28452, stack(0x000000de5b100000,0x000000de5b200000) (1024K)]
  0x000002048f693270 WorkerThread "GC Thread#2"                     [id=30024, stack(0x000000de5b200000,0x000000de5b300000) (1024K)]
  0x00000204ee7036a0 WorkerThread "GC Thread#3"                     [id=17352, stack(0x000000de5b300000,0x000000de5b400000) (1024K)]
  0x00000204ee702480 WorkerThread "GC Thread#4"                     [id=32160, stack(0x000000de5b400000,0x000000de5b500000) (1024K)]
  0x00000204ee6ffca0 WorkerThread "GC Thread#5"                     [id=21508, stack(0x000000de5b500000,0x000000de5b600000) (1024K)]
  0x00000204ee702820 WorkerThread "GC Thread#6"                     [id=30632, stack(0x000000de5b600000,0x000000de5b700000) (1024K)]
  0x00000204ee700b20 WorkerThread "GC Thread#7"                     [id=20292, stack(0x000000de5b800000,0x000000de5b900000) (1024K)]
  0x00000204ee701d40 WorkerThread "GC Thread#8"                     [id=29312, stack(0x000000de5bc00000,0x000000de5bd00000) (1024K)]
  0x00000204ee700040 WorkerThread "GC Thread#9"                     [id=26488, stack(0x000000de5bd00000,0x000000de5be00000) (1024K)]
  0x00000204ee7003e0 WorkerThread "GC Thread#10"                    [id=1816, stack(0x000000de5c100000,0x000000de5c200000) (1024K)]
  0x00000204ee700780 WorkerThread "GC Thread#11"                    [id=4704, stack(0x000000de5c200000,0x000000de5c300000) (1024K)]
  0x00000204ee700ec0 WorkerThread "GC Thread#12"                    [id=30760, stack(0x000000de5c300000,0x000000de5c400000) (1024K)]
Total: 15

Threads with active compile tasks:
C2 CompilerThread0  17774 2812 %     4       java.util.Properties$LineReader::readLine @ 293 (584 bytes)
C2 CompilerThread1  17774 2724       4       org.lombokweb.asm.ClassReader::readMethod (1070 bytes)
C1 CompilerThread1  17774 2835       3       java.lang.invoke.LambdaForm$MH/0x00000204a717c400::invoke (39 bytes)
C1 CompilerThread2  17774 2834  s!   3       org.eclipse.osgi.util.NLS$MessagesProperties::put (154 bytes)
Total: 4

VM state: at safepoint (normal execution)

VM Mutex/Monitor currently owned by a thread:  ([mutex/lock_event])
[0x00007ff9ff35e308] Threads_lock - owner thread: 0x000002048f692790
[0x00007ff9ff35e408] Heap_lock - owner thread: 0x00000204ee99b230

Heap address: 0x00000000c0000000, size: 1024 MB, Compressed Oops mode: 32-bit

CDS archive(s) mapped at: [0x00000204a6000000-0x00000204a6ba0000-0x00000204a6ba0000), size 12189696, SharedBaseAddress: 0x00000204a6000000, ArchiveRelocationMode: 1.
Compressed class space mapped at: 0x00000204a7000000-0x00000204e7000000, reserved size: 1073741824
Narrow klass base: 0x00000204a6000000, Narrow klass shift: 0, Narrow klass range: 0x100000000

GC Precious Log:
 CardTable entry size: 512
 CPUs: 16 total, 16 available
 Memory: 11995M
 Large Page Support: Disabled
 NUMA Support: Disabled
 Compressed Oops: Enabled (32-bit)
 Alignments: Space 512K, Generation 512K, Heap 2M
 Heap Min Capacity: 100M
 Heap Initial Capacity: 100M
 Heap Max Capacity: 1G
 Pre-touch: Disabled
 Parallel Workers: 13

Heap:
 PSYoungGen      total 30720K, used 5585K [0x00000000eab00000, 0x00000000ece80000, 0x0000000100000000)
  eden space 25088K, 0% used [0x00000000eab00000,0x00000000eab00000,0x00000000ec380000)
  from space 5632K, 99% used [0x00000000ec900000,0x00000000ece74748,0x00000000ece80000)
  to   space 4096K, 0% used [0x00000000ec400000,0x00000000ec400000,0x00000000ec800000)
 ParOldGen       total 68608K, used 6240K [0x00000000c0000000, 0x00000000c4300000, 0x00000000eab00000)
  object space 68608K, 9% used [0x00000000c0000000,0x00000000c06180d8,0x00000000c4300000)
 Metaspace       used 20912K, committed 21504K, reserved 1114112K
  class space    used 1945K, committed 2240K, reserved 1048576K

Card table byte_map: [0x00000204913e0000,0x00000204915f0000] _byte_map_base: 0x0000020490de0000

Marking Bits: (ParMarkBitMap*) 0x00007ff9ff3631f0
 Begin Bits: [0x00000204a3c30000, 0x00000204a4c30000)
 End Bits:   [0x00000204a4c30000, 0x00000204a5c30000)

Polling page: 0x000002048f850000

Metaspace:

Usage:
  Non-class:     18.52 MB used.
      Class:      1.90 MB used.
       Both:     20.42 MB used.

Virtual space:
  Non-class space:       64.00 MB reserved,      18.81 MB ( 29%) committed,  1 nodes.
      Class space:        1.00 GB reserved,       2.19 MB ( <1%) committed,  1 nodes.
             Both:        1.06 GB reserved,      21.00 MB (  2%) committed. 

Chunk freelists:
   Non-Class:  12.44 MB
       Class:  13.85 MB
        Both:  26.29 MB

MaxMetaspaceSize: unlimited
CompressedClassSpaceSize: 1.00 GB
Initial GC threshold: 21.00 MB
Current GC threshold: 21.00 MB
CDS: on
 - commit_granule_bytes: 65536.
 - commit_granule_words: 8192.
 - virtual_space_node_default_size: 8388608.
 - enlarge_chunks_in_place: 1.
 - use_allocation_guard: 0.


Internal statistics:

num_allocs_failed_limit: 3.
num_arena_births: 504.
num_arena_deaths: 0.
num_vsnodes_births: 2.
num_vsnodes_deaths: 0.
num_space_committed: 336.
num_space_uncommitted: 0.
num_chunks_returned_to_freelist: 3.
num_chunks_taken_from_freelist: 1271.
num_chunk_merges: 0.
num_chunk_splits: 844.
num_chunks_enlarged: 554.
num_inconsistent_stats: 0.

CodeHeap 'non-profiled nmethods': size=119168Kb used=1162Kb max_used=1162Kb free=118005Kb
 bounds [0x000002049c7d0000, 0x000002049ca40000, 0x00000204a3c30000]
CodeHeap 'profiled nmethods': size=119104Kb used=5642Kb max_used=5642Kb free=113461Kb
 bounds [0x0000020494c30000, 0x00000204951c0000, 0x000002049c080000]
CodeHeap 'non-nmethods': size=7488Kb used=2431Kb max_used=2928Kb free=5056Kb
 bounds [0x000002049c080000, 0x000002049c370000, 0x000002049c7d0000]
 total_blobs=3416 nmethods=2828 adapters=492
 compilation: enabled
              stopped_count=0, restarted_count=0
 full_count=0

Compilation events (20 events):
Event: 15.716 Thread 0x00000204ee83d740 2803       3       org.eclipse.osgi.internal.hookregistry.ClassLoaderHook::postFindLocalResource (1 bytes)
Event: 15.716 Thread 0x00000204e83c2490 nmethod 2802 0x000002049519ae90 code [0x000002049519b020, 0x000002049519b128]
Event: 15.716 Thread 0x00000204ee83d740 nmethod 2803 0x000002049519b190 code [0x000002049519b320, 0x000002049519b428]
Event: 15.718 Thread 0x00000204ee83d740 2804 %     3       lombok.launch.PackageShader::apply @ 154 (252 bytes)
Event: 15.719 Thread 0x00000204ee83d740 nmethod 2804% 0x000002049519b510 code [0x000002049519b7a0, 0x000002049519c7f8]
Event: 15.721 Thread 0x00000204e83c2490 2805       3       lombok.launch.PackageShader::apply (252 bytes)
Event: 15.722 Thread 0x00000204e83c2490 nmethod 2805 0x000002049519d010 code [0x000002049519d260, 0x000002049519dd10]
Event: 15.726 Thread 0x00000204e83c2490 2806       3       java.net.URI::toURL (6 bytes)
Event: 15.726 Thread 0x00000204e83c2490 nmethod 2806 0x000002049519e310 code [0x000002049519e4c0, 0x000002049519e608]
Event: 15.733 Thread 0x0000020491afe900 2807       4       java.util.concurrent.ConcurrentHashMap$ValueIterator::next (34 bytes)
Event: 16.742 Thread 0x0000020491afe900 nmethod 2807 0x000002049c8f1c90 code [0x000002049c8f1e20, 0x000002049c8f2070]
Event: 16.742 Thread 0x0000020491afe900 2814       4       java.util.HashSet::add (20 bytes)
Event: 16.742 Thread 0x00000204e83c2490 2815       3       java.lang.invoke.MethodHandle::bindArgumentL (10 bytes)
Event: 16.742 Thread 0x00000204e83c2490 nmethod 2815 0x000002049519e690 code [0x000002049519e8a0, 0x000002049519eee8]
Event: 16.742 Thread 0x00000204e83c2490 2816       3       java.lang.invoke.DirectMethodHandle::staticBase (8 bytes)
Event: 16.742 Thread 0x00000204e83c2490 nmethod 2816 0x000002049519f190 code [0x000002049519f340, 0x000002049519f528]
Event: 16.742 Thread 0x00000204e83c2490 2817       3       java.lang.invoke.DirectMethodHandle::staticOffset (8 bytes)
Event: 16.743 Thread 0x00000204e83c2490 nmethod 2817 0x000002049519f610 code [0x000002049519f7c0, 0x000002049519f9b0]
Event: 16.743 Thread 0x00000204e83c2490 2818       3       java.lang.invoke.DirectMethodHandle$StaticAccessor::checkCast (9 bytes)
Event: 17.752 Thread 0x00000204e83c2490 nmethod 2818 0x000002049519fa90 code [0x000002049519fc60, 0x000002049519ff68]

GC Heap History (10 events):
Event: 2.063 GC heap before
{Heap before GC invocations=1 (full 0):
 PSYoungGen      total 29696K, used 25600K [0x00000000eab00000, 0x00000000ecc00000, 0x0000000100000000)
  eden space 25600K, 100% used [0x00000000eab00000,0x00000000ec400000,0x00000000ec400000)
  from space 4096K, 0% used [0x00000000ec800000,0x00000000ec800000,0x00000000ecc00000)
  to   space 4096K, 0% used [0x00000000ec400000,0x00000000ec400000,0x00000000ec800000)
 ParOldGen       total 68608K, used 0K [0x00000000c0000000, 0x00000000c4300000, 0x00000000eab00000)
  object space 68608K, 0% used [0x00000000c0000000,0x00000000c0000000,0x00000000c4300000)
 Metaspace       used 4091K, committed 4416K, reserved 1114112K
  class space    used 436K, committed 576K, reserved 1048576K
}
Event: 2.068 GC heap after
{Heap after GC invocations=1 (full 0):
 PSYoungGen      total 29696K, used 3316K [0x00000000eab00000, 0x00000000ecc00000, 0x0000000100000000)
  eden space 25600K, 0% used [0x00000000eab00000,0x00000000eab00000,0x00000000ec400000)
  from space 4096K, 80% used [0x00000000ec400000,0x00000000ec73d1c0,0x00000000ec800000)
  to   space 4096K, 0% used [0x00000000ec800000,0x00000000ec800000,0x00000000ecc00000)
 ParOldGen       total 68608K, used 16K [0x00000000c0000000, 0x00000000c4300000, 0x00000000eab00000)
  object space 68608K, 0% used [0x00000000c0000000,0x00000000c0004000,0x00000000c4300000)
 Metaspace       used 4091K, committed 4416K, reserved 1114112K
  class space    used 436K, committed 576K, reserved 1048576K
}
Event: 2.588 GC heap before
{Heap before GC invocations=2 (full 0):
 PSYoungGen      total 29696K, used 28916K [0x00000000eab00000, 0x00000000ecc00000, 0x0000000100000000)
  eden space 25600K, 100% used [0x00000000eab00000,0x00000000ec400000,0x00000000ec400000)
  from space 4096K, 80% used [0x00000000ec400000,0x00000000ec73d1c0,0x00000000ec800000)
  to   space 4096K, 0% used [0x00000000ec800000,0x00000000ec800000,0x00000000ecc00000)
 ParOldGen       total 68608K, used 16K [0x00000000c0000000, 0x00000000c4300000, 0x00000000eab00000)
  object space 68608K, 0% used [0x00000000c0000000,0x00000000c0004000,0x00000000c4300000)
 Metaspace       used 7960K, committed 8256K, reserved 1114112K
  class space    used 798K, committed 960K, reserved 1048576K
}
Event: 2.594 GC heap after
{Heap after GC invocations=2 (full 0):
 PSYoungGen      total 29696K, used 4086K [0x00000000eab00000, 0x00000000ecc00000, 0x0000000100000000)
  eden space 25600K, 0% used [0x00000000eab00000,0x00000000eab00000,0x00000000ec400000)
  from space 4096K, 99% used [0x00000000ec800000,0x00000000ecbfd860,0x00000000ecc00000)
  to   space 4096K, 0% used [0x00000000ec400000,0x00000000ec400000,0x00000000ec800000)
 ParOldGen       total 68608K, used 796K [0x00000000c0000000, 0x00000000c4300000, 0x00000000eab00000)
  object space 68608K, 1% used [0x00000000c0000000,0x00000000c00c7030,0x00000000c4300000)
 Metaspace       used 7960K, committed 8256K, reserved 1114112K
  class space    used 798K, committed 960K, reserved 1048576K
}
Event: 12.689 GC heap before
{Heap before GC invocations=3 (full 0):
 PSYoungGen      total 29696K, used 29684K [0x00000000eab00000, 0x00000000ecc00000, 0x0000000100000000)
  eden space 25600K, 99% used [0x00000000eab00000,0x00000000ec3ffae0,0x00000000ec400000)
  from space 4096K, 99% used [0x00000000ec800000,0x00000000ecbfd860,0x00000000ecc00000)
  to   space 4096K, 0% used [0x00000000ec400000,0x00000000ec400000,0x00000000ec800000)
 ParOldGen       total 68608K, used 796K [0x00000000c0000000, 0x00000000c4300000, 0x00000000eab00000)
  object space 68608K, 1% used [0x00000000c0000000,0x00000000c00c7030,0x00000000c4300000)
 Metaspace       used 12686K, committed 13120K, reserved 1114112K
  class space    used 1295K, committed 1472K, reserved 1048576K
}
Event: 12.694 GC heap after
{Heap after GC invocations=3 (full 0):
 PSYoungGen      total 29696K, used 4087K [0x00000000eab00000, 0x00000000ecc00000, 0x0000000100000000)
  eden space 25600K, 0% used [0x00000000eab00000,0x00000000eab00000,0x00000000ec400000)
  from space 4096K, 99% used [0x00000000ec400000,0x00000000ec7fdc28,0x00000000ec800000)
  to   space 4096K, 0% used [0x00000000ec800000,0x00000000ec800000,0x00000000ecc00000)
 ParOldGen       total 68608K, used 2407K [0x00000000c0000000, 0x00000000c4300000, 0x00000000eab00000)
  object space 68608K, 3% used [0x00000000c0000000,0x00000000c0259f30,0x00000000c4300000)
 Metaspace       used 12686K, committed 13120K, reserved 1114112K
  class space    used 1295K, committed 1472K, reserved 1048576K
}
Event: 13.354 GC heap before
{Heap before GC invocations=4 (full 0):
 PSYoungGen      total 29696K, used 29687K [0x00000000eab00000, 0x00000000ecc00000, 0x0000000100000000)
  eden space 25600K, 100% used [0x00000000eab00000,0x00000000ec400000,0x00000000ec400000)
  from space 4096K, 99% used [0x00000000ec400000,0x00000000ec7fdc28,0x00000000ec800000)
  to   space 4096K, 0% used [0x00000000ec800000,0x00000000ec800000,0x00000000ecc00000)
 ParOldGen       total 68608K, used 2407K [0x00000000c0000000, 0x00000000c4300000, 0x00000000eab00000)
  object space 68608K, 3% used [0x00000000c0000000,0x00000000c0259f30,0x00000000c4300000)
 Metaspace       used 16088K, committed 16704K, reserved 1114112K
  class space    used 1615K, committed 1856K, reserved 1048576K
}
Event: 13.357 GC heap after
{Heap after GC invocations=4 (full 0):
 PSYoungGen      total 29696K, used 4090K [0x00000000eab00000, 0x00000000ecc00000, 0x0000000100000000)
  eden space 25600K, 0% used [0x00000000eab00000,0x00000000eab00000,0x00000000ec400000)
  from space 4096K, 99% used [0x00000000ec800000,0x00000000ecbfe850,0x00000000ecc00000)
  to   space 4096K, 0% used [0x00000000ec400000,0x00000000ec400000,0x00000000ec800000)
 ParOldGen       total 68608K, used 5122K [0x00000000c0000000, 0x00000000c4300000, 0x00000000eab00000)
  object space 68608K, 7% used [0x00000000c0000000,0x00000000c0500bb8,0x00000000c4300000)
 Metaspace       used 16088K, committed 16704K, reserved 1114112K
  class space    used 1615K, committed 1856K, reserved 1048576K
}
Event: 13.572 GC heap before
{Heap before GC invocations=5 (full 0):
 PSYoungGen      total 29696K, used 29690K [0x00000000eab00000, 0x00000000ecc00000, 0x0000000100000000)
  eden space 25600K, 100% used [0x00000000eab00000,0x00000000ec400000,0x00000000ec400000)
  from space 4096K, 99% used [0x00000000ec800000,0x00000000ecbfe850,0x00000000ecc00000)
  to   space 4096K, 0% used [0x00000000ec400000,0x00000000ec400000,0x00000000ec800000)
 ParOldGen       total 68608K, used 5122K [0x00000000c0000000, 0x00000000c4300000, 0x00000000eab00000)
  object space 68608K, 7% used [0x00000000c0000000,0x00000000c0500bb8,0x00000000c4300000)
 Metaspace       used 19774K, committed 20416K, reserved 1114112K
  class space    used 1880K, committed 2176K, reserved 1048576K
}
Event: 14.574 GC heap after
{Heap after GC invocations=5 (full 0):
 PSYoungGen      total 29184K, used 4080K [0x00000000eab00000, 0x00000000ece80000, 0x0000000100000000)
  eden space 25088K, 0% used [0x00000000eab00000,0x00000000eab00000,0x00000000ec380000)
  from space 4096K, 99% used [0x00000000ec400000,0x00000000ec7fc270,0x00000000ec800000)
  to   space 5632K, 0% used [0x00000000ec900000,0x00000000ec900000,0x00000000ece80000)
 ParOldGen       total 68608K, used 5450K [0x00000000c0000000, 0x00000000c4300000, 0x00000000eab00000)
  object space 68608K, 7% used [0x00000000c0000000,0x00000000c0552bc8,0x00000000c4300000)
 Metaspace       used 19774K, committed 20416K, reserved 1114112K
  class space    used 1880K, committed 2176K, reserved 1048576K
}

Dll operation events (9 events):
Event: 0.046 Loaded shared library c:\Users\Lenovo\.vscode\extensions\redhat.java-1.42.0-win32-x64\jre\21.0.7-win32-x86_64\bin\java.dll
Event: 0.127 Loaded shared library c:\Users\Lenovo\.vscode\extensions\redhat.java-1.42.0-win32-x64\jre\21.0.7-win32-x86_64\bin\zip.dll
Event: 0.155 Loaded shared library C:\Users\Lenovo\.vscode\extensions\redhat.java-1.42.0-win32-x64\jre\21.0.7-win32-x86_64\bin\instrument.dll
Event: 0.161 Loaded shared library C:\Users\Lenovo\.vscode\extensions\redhat.java-1.42.0-win32-x64\jre\21.0.7-win32-x86_64\bin\net.dll
Event: 0.164 Loaded shared library C:\Users\Lenovo\.vscode\extensions\redhat.java-1.42.0-win32-x64\jre\21.0.7-win32-x86_64\bin\nio.dll
Event: 0.169 Loaded shared library C:\Users\Lenovo\.vscode\extensions\redhat.java-1.42.0-win32-x64\jre\21.0.7-win32-x86_64\bin\zip.dll
Event: 0.190 Loaded shared library C:\Users\Lenovo\.vscode\extensions\redhat.java-1.42.0-win32-x64\jre\21.0.7-win32-x86_64\bin\jimage.dll
Event: 0.297 Loaded shared library c:\Users\Lenovo\.vscode\extensions\redhat.java-1.42.0-win32-x64\jre\21.0.7-win32-x86_64\bin\verify.dll
Event: 12.000 Loaded shared library C:\Users\Lenovo\AppData\Roaming\Code\User\globalStorage\redhat.java\1.42.0\config_ss_win\org.eclipse.equinox.launcher\org.eclipse.equinox.launcher.win32.win32.x86_64_1.2.1300.v20250331-1702\eclipse_11911.dll

Deoptimization events (20 events):
Event: 13.281 Thread 0x00000204e83b7080 Uncommon trap: trap_request=0xffffffde fr.pc=0x000002049c8c914c relative=0x00000000000002ec
Event: 13.281 Thread 0x00000204e83b7080 Uncommon trap: reason=class_check action=maybe_recompile pc=0x000002049c8c914c method=java.util.regex.Pattern$BmpCharPropertyGreedy.match(Ljava/util/regex/Matcher;ILjava/lang/CharSequence;)Z @ 70 c2
Event: 13.281 Thread 0x00000204e83b7080 DEOPT PACKING pc=0x000002049c8c914c sp=0x000000de5adef610
Event: 13.281 Thread 0x00000204e83b7080 DEOPT UNPACKING pc=0x000002049c0d3aa2 sp=0x000000de5adef5c8 mode 2
Event: 13.537 Thread 0x00000204e83b7080 Uncommon trap: trap_request=0xffffff45 fr.pc=0x000002049c8e166c relative=0x000000000000014c
Event: 13.537 Thread 0x00000204e83b7080 Uncommon trap: reason=unstable_if action=reinterpret pc=0x000002049c8e166c method=org.lombokweb.asm.ByteVector.putByteArray([BII)Lorg/lombokweb/asm/ByteVector; @ 20 c2
Event: 13.537 Thread 0x00000204e83b7080 DEOPT PACKING pc=0x000002049c8e166c sp=0x000000de5adf2970
Event: 13.537 Thread 0x00000204e83b7080 DEOPT UNPACKING pc=0x000002049c0d3aa2 sp=0x000000de5adf2940 mode 2
Event: 13.537 Thread 0x00000204e83b7080 Uncommon trap: trap_request=0xffffff45 fr.pc=0x000002049c8e1d24 relative=0x0000000000000364
Event: 13.537 Thread 0x00000204e83b7080 Uncommon trap: reason=unstable_if action=reinterpret pc=0x000002049c8e1d24 method=org.lombokweb.asm.Label.resolve([BLorg/lombokweb/asm/ByteVector;I)Z @ 81 c2
Event: 13.537 Thread 0x00000204e83b7080 DEOPT PACKING pc=0x000002049c8e1d24 sp=0x000000de5adf2a00
Event: 13.537 Thread 0x00000204e83b7080 DEOPT UNPACKING pc=0x000002049c0d3aa2 sp=0x000000de5adf2908 mode 2
Event: 15.733 Thread 0x00000204e83b7080 DEOPT PACKING pc=0x00000204950578d6 sp=0x000000de5adf7d40
Event: 16.741 Thread 0x00000204e83b7080 DEOPT UNPACKING pc=0x000002049c0d4242 sp=0x000000de5adf7250 mode 0
Event: 16.741 Thread 0x00000204e83b7080 DEOPT PACKING pc=0x0000020494d745a6 sp=0x000000de5adf7f90
Event: 16.741 Thread 0x00000204e83b7080 DEOPT UNPACKING pc=0x000002049c0d4242 sp=0x000000de5adf7488 mode 0
Event: 16.741 Thread 0x00000204e83b7080 DEOPT PACKING pc=0x0000020494d745a6 sp=0x000000de5adf7f90
Event: 16.741 Thread 0x00000204e83b7080 DEOPT UNPACKING pc=0x000002049c0d4242 sp=0x000000de5adf7488 mode 0
Event: 16.742 Thread 0x00000204e83b7080 DEOPT PACKING pc=0x0000020494d745a6 sp=0x000000de5adf7f90
Event: 16.742 Thread 0x00000204e83b7080 DEOPT UNPACKING pc=0x000002049c0d4242 sp=0x000000de5adf7488 mode 0

Classes loaded (20 events):
Event: 13.276 Loading class java/util/zip/GZIPInputStream
Event: 13.276 Loading class java/util/zip/GZIPInputStream done
Event: 13.301 Loading class java/io/StringReader
Event: 13.301 Loading class java/io/StringReader done
Event: 13.308 Loading class java/net/SocketTimeoutException
Event: 13.308 Loading class java/io/InterruptedIOException
Event: 13.308 Loading class java/io/InterruptedIOException done
Event: 13.308 Loading class java/net/SocketTimeoutException done
Event: 13.308 Loading class java/net/SocketException
Event: 13.308 Loading class java/net/SocketException done
Event: 13.308 Loading class java/net/UnknownHostException
Event: 13.308 Loading class java/net/UnknownHostException done
Event: 13.308 Loading class java/net/ProtocolException
Event: 13.308 Loading class java/net/ProtocolException done
Event: 13.323 Loading class java/lang/ThreadLocal$SuppliedThreadLocal
Event: 13.323 Loading class java/lang/ThreadLocal$SuppliedThreadLocal done
Event: 13.328 Loading class java/io/FileWriter
Event: 13.328 Loading class java/io/FileWriter done
Event: 13.379 Loading class java/lang/NegativeArraySizeException
Event: 13.380 Loading class java/lang/NegativeArraySizeException done

Classes unloaded (0 events):
No events

Classes redefined (0 events):
No events

Internal exceptions (20 events):
Event: 12.772 Thread 0x00000204e83b7080 Exception <a 'java/lang/NoSuchMethodError'{0x00000000eadafc10}: 'java.lang.Object java.lang.invoke.DelegatingMethodHandle$Holder.reinvoke_L(java.lang.Object, java.lang.Object, java.lang.Object, java.lang.Object, int, int)'> (0x00000000eadafc10) 
thrown [s\src\hotspot\share\interpreter\linkResolver.cpp, line 773]
Event: 12.774 Thread 0x00000204e83b7080 Exception <a 'java/lang/NoSuchMethodError'{0x00000000eadcc968}: 'java.lang.Object java.lang.invoke.DirectMethodHandle$Holder.newInvokeSpecial(java.lang.Object, java.lang.Object, java.lang.Object, java.lang.Object, java.lang.Object, java.lang.Object)'> (0x00000000eadcc968) 
thrown [s\src\hotspot\share\interpreter\linkResolver.cpp, line 773]
Event: 12.780 Thread 0x00000204e83b7080 Exception <a 'java/lang/NoSuchMethodError'{0x00000000eadf8e58}: 'void java.lang.invoke.Invokers$Holder.invokeExact_MT(java.lang.Object, java.lang.Object, java.lang.Object, java.lang.Object)'> (0x00000000eadf8e58) 
thrown [s\src\hotspot\share\interpreter\linkResolver.cpp, line 773]
Event: 12.870 Thread 0x00000204e83b7080 Exception <a 'java/io/FileNotFoundException'{0x00000000eaf45360}> (0x00000000eaf45360) 
thrown [s\src\hotspot\share\prims\jni.cpp, line 520]
Event: 12.871 Thread 0x00000204e83b7080 Exception <a 'java/io/FileNotFoundException'{0x00000000eaf4c948}> (0x00000000eaf4c948) 
thrown [s\src\hotspot\share\prims\jni.cpp, line 520]
Event: 13.018 Thread 0x00000204e83b7080 Exception <a 'java/lang/NoSuchMethodError'{0x00000000eb4aed58}: 'java.lang.Object java.lang.invoke.DirectMethodHandle$Holder.newInvokeSpecial(java.lang.Object, java.lang.Object, java.lang.Object, java.lang.Object, java.lang.Object)'> (0x00000000eb4aed58) 
thrown [s\src\hotspot\share\interpreter\linkResolver.cpp, line 773]
Event: 13.085 Thread 0x00000204e83b7080 Exception <a 'java/lang/NoSuchMethodError'{0x00000000eb58bce8}: 'java.lang.Object java.lang.invoke.DirectMethodHandle$Holder.invokeSpecial(java.lang.Object, java.lang.Object, java.lang.Object, long, java.lang.Object)'> (0x00000000eb58bce8) 
thrown [s\src\hotspot\share\interpreter\linkResolver.cpp, line 773]
Event: 13.087 Thread 0x00000204e83b7080 Exception <a 'java/lang/NoSuchMethodError'{0x00000000eb593738}: 'java.lang.Object java.lang.invoke.DirectMethodHandle$Holder.newInvokeSpecial(java.lang.Object, java.lang.Object, java.lang.Object, long)'> (0x00000000eb593738) 
thrown [s\src\hotspot\share\interpreter\linkResolver.cpp, line 773]
Event: 13.095 Thread 0x00000204e83b7080 Exception <a 'java/lang/NoSuchMethodError'{0x00000000eb597598}: 'java.lang.Object java.lang.invoke.Invokers$Holder.linkToTargetMethod(java.lang.Object, java.lang.Object, long, java.lang.Object)'> (0x00000000eb597598) 
thrown [s\src\hotspot\share\interpreter\linkResolver.cpp, line 773]
Event: 13.134 Thread 0x00000204e83b7080 Exception <a 'java/lang/NoSuchMethodError'{0x00000000eb604c28}: 'int java.lang.invoke.DirectMethodHandle$Holder.invokeStaticInit(java.lang.Object, java.lang.Object, java.lang.Object)'> (0x00000000eb604c28) 
thrown [s\src\hotspot\share\interpreter\linkResolver.cpp, line 773]
Event: 13.149 Thread 0x00000204e83b7080 Exception <a 'java/lang/IncompatibleClassChangeError'{0x00000000eb693200}: Found class java.lang.Object, but interface was expected> (0x00000000eb693200) 
thrown [s\src\hotspot\share\interpreter\linkResolver.cpp, line 840]
Event: 13.149 Thread 0x00000204e83b7080 Exception <a 'java/lang/NoSuchMethodError'{0x00000000eb696b58}: 'java.lang.Object java.lang.invoke.DirectMethodHandle$Holder.invokeSpecial(java.lang.Object, java.lang.Object, java.lang.Object, int, java.lang.Object, java.lang.Object)'> (0x00000000eb696b58) 
thrown [s\src\hotspot\share\interpreter\linkResolver.cpp, line 773]
Event: 13.149 Thread 0x00000204e83b7080 Exception <a 'java/lang/NoSuchMethodError'{0x00000000eb69e3f0}: 'java.lang.Object java.lang.invoke.DirectMethodHandle$Holder.newInvokeSpecial(java.lang.Object, java.lang.Object, java.lang.Object, int, java.lang.Object)'> (0x00000000eb69e3f0) 
thrown [s\src\hotspot\share\interpreter\linkResolver.cpp, line 773]
Event: 13.150 Thread 0x00000204e83b7080 Exception <a 'java/lang/NoSuchMethodError'{0x00000000eb6a1ee0}: 'java.lang.Object java.lang.invoke.Invokers$Holder.linkToTargetMethod(java.lang.Object, java.lang.Object, int, java.lang.Object, java.lang.Object)'> (0x00000000eb6a1ee0) 
thrown [s\src\hotspot\share\interpreter\linkResolver.cpp, line 773]
Event: 13.150 Thread 0x00000204ef075aa0 Exception <a 'java/lang/NoSuchMethodError'{0x00000000eb5d4190}: 'java.lang.Object java.lang.invoke.DirectMethodHandle$Holder.invokeSpecial(java.lang.Object, java.lang.Object, int, java.lang.Object, java.lang.Object)'> (0x00000000eb5d4190) 
thrown [s\src\hotspot\share\interpreter\linkResolver.cpp, line 773]
Event: 13.152 Thread 0x00000204ef075aa0 Exception <a 'java/lang/NoSuchMethodError'{0x00000000eb5daec8}: 'java.lang.Object java.lang.invoke.DirectMethodHandle$Holder.newInvokeSpecial(java.lang.Object, java.lang.Object, int, java.lang.Object)'> (0x00000000eb5daec8) 
thrown [s\src\hotspot\share\interpreter\linkResolver.cpp, line 773]
Event: 13.190 Thread 0x00000204e83b7080 Exception <a 'java/lang/NoSuchMethodError'{0x00000000eb7e94e8}: 'void java.lang.invoke.DirectMethodHandle$Holder.invokeSpecial(java.lang.Object, java.lang.Object, java.lang.Object, java.lang.Object, java.lang.Object)'> (0x00000000eb7e94e8) 
thrown [s\src\hotspot\share\interpreter\linkResolver.cpp, line 773]
Event: 13.260 Thread 0x00000204e83b7080 Exception <a 'java/lang/NoSuchMethodError'{0x00000000ebab8a38}: 'double java.lang.invoke.DirectMethodHandle$Holder.invokeStatic(java.lang.Object, java.lang.Object)'> (0x00000000ebab8a38) 
thrown [s\src\hotspot\share\interpreter\linkResolver.cpp, line 773]
Event: 13.260 Thread 0x00000204e83b7080 Exception <a 'java/lang/NoSuchMethodError'{0x00000000ebabc0f8}: 'double java.lang.invoke.DirectMethodHandle$Holder.invokeStaticInit(java.lang.Object, java.lang.Object)'> (0x00000000ebabc0f8) 
thrown [s\src\hotspot\share\interpreter\linkResolver.cpp, line 773]
Event: 13.537 Thread 0x00000204e83b7080 Implicit null exception at 0x000002049c8e1575 to 0x000002049c8e1650

ZGC Phase Switch (0 events):
No events

VM Operations (20 events):
Event: 12.689 Executing VM operation: ParallelGCFailedAllocation (Allocation Failure)
Event: 12.694 Executing VM operation: ParallelGCFailedAllocation (Allocation Failure) done
Event: 12.891 Executing VM operation: HandshakeAllThreads (Deoptimize)
Event: 12.891 Executing VM operation: HandshakeAllThreads (Deoptimize) done
Event: 12.897 Executing VM operation: HandshakeAllThreads (Deoptimize)
Event: 12.897 Executing VM operation: HandshakeAllThreads (Deoptimize) done
Event: 12.919 Executing VM operation: HandshakeAllThreads (Deoptimize)
Event: 12.920 Executing VM operation: HandshakeAllThreads (Deoptimize) done
Event: 13.354 Executing VM operation: ParallelGCFailedAllocation (Allocation Failure)
Event: 13.357 Executing VM operation: ParallelGCFailedAllocation (Allocation Failure) done
Event: 13.572 Executing VM operation: ParallelGCFailedAllocation (Allocation Failure)
Event: 14.574 Executing VM operation: ParallelGCFailedAllocation (Allocation Failure) done
Event: 15.584 Executing VM operation: Cleanup
Event: 15.584 Executing VM operation: Cleanup done
Event: 15.728 Executing VM operation: HandshakeAllThreads (Deoptimize)
Event: 15.728 Executing VM operation: HandshakeAllThreads (Deoptimize) done
Event: 16.740 Executing VM operation: Cleanup
Event: 16.741 Executing VM operation: Cleanup done
Event: 17.752 Executing VM operation: Cleanup
Event: 17.752 Executing VM operation: Cleanup done

Memory protections (0 events):
No events

Nmethod flushes (0 events):
No events

Events (20 events):
Event: 4.534 Thread 0x00000204ee344af0 Thread exited: 0x00000204ee344af0
Event: 11.291 Thread 0x00000204ee4a3360 Thread exited: 0x00000204ee4a3360
Event: 11.985 Thread 0x0000020491a3ee20 Thread added: 0x00000204e83b5640
Event: 11.988 Thread 0x0000020491a3ee20 Thread added: 0x00000204e83b7080
Event: 12.037 Thread 0x00000204e83b7080 Thread added: 0x00000204e83b5cd0
Event: 12.137 Thread 0x00000204e83b7080 Thread added: 0x00000204e83b7710
Event: 12.150 Thread 0x00000204e83c2490 Thread added: 0x00000204ee83d740
Event: 12.150 Thread 0x00000204e83c2490 Thread added: 0x00000204ee775170
Event: 12.289 Thread 0x00000204ee83d740 Thread added: 0x00000204ee13bf30
Event: 12.553 Thread 0x00000204ee13bf30 Thread exited: 0x00000204ee13bf30
Event: 12.641 Thread 0x00000204e83b7080 Thread added: 0x00000204e83b6360
Event: 12.753 Thread 0x00000204ee83d740 Thread added: 0x00000204ee2bf0d0
Event: 13.100 Thread 0x00000204ee2bf0d0 Thread exited: 0x00000204ee2bf0d0
Event: 13.121 Thread 0x00000204e83b7080 Thread added: 0x00000204ef075aa0
Event: 13.153 Thread 0x00000204e83b7080 Thread added: 0x00000204ef073340
Event: 13.352 Thread 0x00000204ee83d740 Thread added: 0x00000204eeb26df0
Event: 13.515 Thread 0x00000204eeb26df0 Thread exited: 0x00000204eeb26df0
Event: 14.575 Thread 0x00000204ee775170 Thread added: 0x00000204eeaef5c0
Event: 15.660 Thread 0x00000204ee775170 Thread exited: 0x00000204ee775170
Event: 16.742 Thread 0x00000204ee83d740 Thread exited: 0x00000204ee83d740


Dynamic libraries:
0x00007ff7a1590000 - 0x00007ff7a159e000 	c:\Users\Lenovo\.vscode\extensions\redhat.java-1.42.0-win32-x64\jre\21.0.7-win32-x86_64\bin\java.exe
0x00007ffa94380000 - 0x00007ffa945e3000 	C:\WINDOWS\SYSTEM32\ntdll.dll
0x00007ffa92b20000 - 0x00007ffa92be7000 	C:\WINDOWS\System32\KERNEL32.DLL
0x00007ffa91720000 - 0x00007ffa91ae9000 	C:\WINDOWS\System32\KERNELBASE.dll
0x00007ffa91ed0000 - 0x00007ffa9201c000 	C:\WINDOWS\System32\ucrtbase.dll
0x00007ffa67d00000 - 0x00007ffa67d18000 	c:\Users\Lenovo\.vscode\extensions\redhat.java-1.42.0-win32-x64\jre\21.0.7-win32-x86_64\bin\jli.dll
0x00007ffa928d0000 - 0x00007ffa92a9a000 	C:\WINDOWS\System32\USER32.dll
0x00007ffa65e20000 - 0x00007ffa65e3e000 	c:\Users\Lenovo\.vscode\extensions\redhat.java-1.42.0-win32-x64\jre\21.0.7-win32-x86_64\bin\VCRUNTIME140.dll
0x00007ffa91580000 - 0x00007ffa915a7000 	C:\WINDOWS\System32\win32u.dll
0x00007ffa72c40000 - 0x00007ffa72ed0000 	C:\WINDOWS\WinSxS\amd64_microsoft.windows.common-controls_6595b64144ccf1df_6.0.26100.3323_none_3e088096e3344490\COMCTL32.dll
0x00007ffa92cb0000 - 0x00007ffa92cda000 	C:\WINDOWS\System32\GDI32.dll
0x00007ffa91af0000 - 0x00007ffa91c21000 	C:\WINDOWS\System32\gdi32full.dll
0x00007ffa94200000 - 0x00007ffa942a9000 	C:\WINDOWS\System32\msvcrt.dll
0x00007ffa915b0000 - 0x00007ffa91653000 	C:\WINDOWS\System32\msvcp_win.dll
0x00007ffa92bf0000 - 0x00007ffa92c1f000 	C:\WINDOWS\System32\IMM32.DLL
0x00007ffa89a10000 - 0x00007ffa89a1c000 	c:\Users\Lenovo\.vscode\extensions\redhat.java-1.42.0-win32-x64\jre\21.0.7-win32-x86_64\bin\vcruntime140_1.dll
0x00007ffa09100000 - 0x00007ffa0918d000 	c:\Users\Lenovo\.vscode\extensions\redhat.java-1.42.0-win32-x64\jre\21.0.7-win32-x86_64\bin\msvcp140.dll
0x00007ff9fe6b0000 - 0x00007ff9ff440000 	c:\Users\Lenovo\.vscode\extensions\redhat.java-1.42.0-win32-x64\jre\21.0.7-win32-x86_64\bin\server\jvm.dll
0x00007ffa92630000 - 0x00007ffa926e2000 	C:\WINDOWS\System32\ADVAPI32.dll
0x00007ffa937e0000 - 0x00007ffa93886000 	C:\WINDOWS\System32\sechost.dll
0x00007ffa93300000 - 0x00007ffa93416000 	C:\WINDOWS\System32\RPCRT4.dll
0x00007ffa92c30000 - 0x00007ffa92ca4000 	C:\WINDOWS\System32\WS2_32.dll
0x00007ffa901f0000 - 0x00007ffa9023e000 	C:\WINDOWS\SYSTEM32\POWRPROF.dll
0x00007ffa89010000 - 0x00007ffa89046000 	C:\WINDOWS\SYSTEM32\WINMM.dll
0x00007ffa87b50000 - 0x00007ffa87b5b000 	C:\WINDOWS\SYSTEM32\VERSION.dll
0x00007ffa901d0000 - 0x00007ffa901e4000 	C:\WINDOWS\SYSTEM32\UMPDC.dll
0x00007ffa90490000 - 0x00007ffa904aa000 	C:\WINDOWS\SYSTEM32\kernel.appcore.dll
0x00007ffa6d6f0000 - 0x00007ffa6d6fa000 	c:\Users\Lenovo\.vscode\extensions\redhat.java-1.42.0-win32-x64\jre\21.0.7-win32-x86_64\bin\jimage.dll
0x00007ffa8ed10000 - 0x00007ffa8ef51000 	C:\WINDOWS\SYSTEM32\DBGHELP.DLL
0x00007ffa92d50000 - 0x00007ffa930d2000 	C:\WINDOWS\System32\combase.dll
0x00007ffa93220000 - 0x00007ffa932f6000 	C:\WINDOWS\System32\OLEAUT32.dll
0x00007ffa3ed60000 - 0x00007ffa3ed99000 	C:\WINDOWS\SYSTEM32\dbgcore.DLL
0x00007ffa91e30000 - 0x00007ffa91ec9000 	C:\WINDOWS\System32\bcryptPrimitives.dll
0x00007ffa676e0000 - 0x00007ffa676ef000 	c:\Users\Lenovo\.vscode\extensions\redhat.java-1.42.0-win32-x64\jre\21.0.7-win32-x86_64\bin\instrument.dll
0x00007ffa65c60000 - 0x00007ffa65c7f000 	c:\Users\Lenovo\.vscode\extensions\redhat.java-1.42.0-win32-x64\jre\21.0.7-win32-x86_64\bin\java.dll
0x00007ffa93ae0000 - 0x00007ffa941f5000 	C:\WINDOWS\System32\SHELL32.dll
0x00007ffa91cc0000 - 0x00007ffa91e28000 	C:\WINDOWS\System32\wintypes.dll
0x00007ffa8f240000 - 0x00007ffa8fa85000 	C:\WINDOWS\SYSTEM32\windows.storage.dll
0x00007ffa939f0000 - 0x00007ffa93adb000 	C:\WINDOWS\System32\SHCORE.dll
0x00007ffa92cf0000 - 0x00007ffa92d4d000 	C:\WINDOWS\System32\shlwapi.dll
0x00007ffa91490000 - 0x00007ffa914bf000 	C:\WINDOWS\SYSTEM32\profapi.dll
0x00007ffa4aed0000 - 0x00007ffa4aee8000 	c:\Users\Lenovo\.vscode\extensions\redhat.java-1.42.0-win32-x64\jre\21.0.7-win32-x86_64\bin\zip.dll
0x00007ffa6ace0000 - 0x00007ffa6acf0000 	C:\Users\Lenovo\.vscode\extensions\redhat.java-1.42.0-win32-x64\jre\21.0.7-win32-x86_64\bin\net.dll
0x00007ffa87880000 - 0x00007ffa8799e000 	C:\WINDOWS\SYSTEM32\WINHTTP.dll
0x00007ffa909d0000 - 0x00007ffa90a3a000 	C:\WINDOWS\system32\mswsock.dll
0x00007ffa47c60000 - 0x00007ffa47c76000 	C:\Users\Lenovo\.vscode\extensions\redhat.java-1.42.0-win32-x64\jre\21.0.7-win32-x86_64\bin\nio.dll
0x00007ffa670a0000 - 0x00007ffa670b0000 	c:\Users\Lenovo\.vscode\extensions\redhat.java-1.42.0-win32-x64\jre\21.0.7-win32-x86_64\bin\verify.dll
0x00007ffa2a620000 - 0x00007ffa2a665000 	C:\Users\Lenovo\AppData\Roaming\Code\User\globalStorage\redhat.java\1.42.0\config_ss_win\org.eclipse.equinox.launcher\org.eclipse.equinox.launcher.win32.win32.x86_64_1.2.1300.v20250331-1702\eclipse_11911.dll
0x00007ffa93420000 - 0x00007ffa935b5000 	C:\WINDOWS\System32\ole32.dll

dbghelp: loaded successfully - version: 4.0.5 - missing functions: none
symbol engine: initialized successfully - sym options: 0x614 - pdb path: .;c:\Users\Lenovo\.vscode\extensions\redhat.java-1.42.0-win32-x64\jre\21.0.7-win32-x86_64\bin;C:\WINDOWS\SYSTEM32;C:\WINDOWS\WinSxS\amd64_microsoft.windows.common-controls_6595b64144ccf1df_6.0.26100.3323_none_3e088096e3344490;c:\Users\Lenovo\.vscode\extensions\redhat.java-1.42.0-win32-x64\jre\21.0.7-win32-x86_64\bin\server;C:\Users\Lenovo\AppData\Roaming\Code\User\globalStorage\redhat.java\1.42.0\config_ss_win\org.eclipse.equinox.launcher\org.eclipse.equinox.launcher.win32.win32.x86_64_1.2.1300.v20250331-1702

VM Arguments:
jvm_args: --add-modules=ALL-SYSTEM --add-opens=java.base/java.util=ALL-UNNAMED --add-opens=java.base/java.lang=ALL-UNNAMED --add-opens=java.base/sun.nio.fs=ALL-UNNAMED -Declipse.application=org.eclipse.jdt.ls.core.id1 -Dosgi.bundles.defaultStartLevel=4 -Declipse.product=org.eclipse.jdt.ls.core.product -Djava.import.generatesMetadataFilesAtProjectRoot=false -DDetectVMInstallationsJob.disabled=true -Dfile.encoding=utf8 -XX:+UseParallelGC -XX:GCTimeRatio=4 -XX:AdaptiveSizePolicyWeight=90 -Dsun.zip.disableMemoryMapping=true -Xmx1G -Xms100m -Xlog:disable -javaagent:c:\Users\Lenovo\.vscode\extensions\redhat.java-1.42.0-win32-x64\lombok\lombok-1.18.36.jar 
java_command: c:\Users\Lenovo\.vscode\extensions\redhat.java-1.42.0-win32-x64\server\plugins\org.eclipse.equinox.launcher_1.7.0.v20250424-1814.jar -configuration c:\Users\Lenovo\AppData\Roaming\Code\User\globalStorage\redhat.java\1.42.0\config_ss_win -data c:\Users\Lenovo\AppData\Roaming\Code\User\workspaceStorage\14d0e62051c34b97946144e9c9461e37\redhat.java\ss_ws --pipe=\\.\pipe\lsp-0c95616195620cb8d48e47fe82a76763-sock
java_class_path (initial): c:\Users\Lenovo\.vscode\extensions\redhat.java-1.42.0-win32-x64\server\plugins\org.eclipse.equinox.launcher_1.7.0.v20250424-1814.jar
Launcher Type: SUN_STANDARD

[Global flags]
    uintx AdaptiveSizePolicyWeight                 = 90                                        {product} {command line}
     intx CICompilerCount                          = 12                                        {product} {ergonomic}
    uintx GCTimeRatio                              = 4                                         {product} {command line}
   size_t InitialHeapSize                          = 104857600                                 {product} {command line}
   size_t MaxHeapSize                              = 1073741824                                {product} {command line}
   size_t MaxNewSize                               = 357564416                                 {product} {ergonomic}
   size_t MinHeapDeltaBytes                        = 524288                                    {product} {ergonomic}
   size_t MinHeapSize                              = 104857600                                 {product} {command line}
   size_t NewSize                                  = 34603008                                  {product} {ergonomic}
    uintx NonNMethodCodeHeapSize                   = 7602480                                {pd product} {ergonomic}
    uintx NonProfiledCodeHeapSize                  = 122027880                              {pd product} {ergonomic}
   size_t OldSize                                  = 70254592                                  {product} {ergonomic}
    uintx ProfiledCodeHeapSize                     = 122027880                              {pd product} {ergonomic}
    uintx ReservedCodeCacheSize                    = 251658240                              {pd product} {ergonomic}
     bool SegmentedCodeCache                       = true                                      {product} {ergonomic}
   size_t SoftMaxHeapSize                          = 1073741824                             {manageable} {ergonomic}
     bool UseCompressedOops                        = true                           {product lp64_product} {ergonomic}
     bool UseLargePagesIndividualAllocation        = false                                  {pd product} {ergonomic}
     bool UseParallelGC                            = true                                      {product} {command line}

Logging:
Log output configuration:
 #0: stdout all=off uptime,level,tags foldmultilines=false
 #1: stderr all=off uptime,level,tags foldmultilines=false

Environment Variables:
JAVA_HOME=C:\Program Files\Java\jdk-17
PATH=c:\Users\Lenovo\AppData\Local\Programs\cursor\resources\app\bin;C:\Program Files\Common Files\Oracle\Java\javapath;C:\Program Files (x86)\Common Files\Oracle\Java\javapath;D:\Kotlin\bin\;C:\Program Files (x86)\Common Files\Intel\Shared Libraries\redist\intel64\compiler;C:\WINDOWS\system32;C:\WINDOWS;C:\WINDOWS\System32\Wbem;C:\WINDOWS\System32\WindowsPowerShell\v1.0\;C:\WINDOWS\System32\OpenSSH\;C:\Program Files (x86)\NVIDIA Corporation\PhysX\Common;C:\Program Files\Git\cmd;C:\Program Files\Java\jdk-22\bin;C:\Program Files\Docker\Docker\resources\bin;C:\ProgramData\ComposerSetup\bin;C:\Program Files\Go\bin;C:\Program Files\NVIDIA Corporation\NVIDIA app\NvDLISR;C:\ProgramData\chocolatey\bin;D:\gradle\gradle-8.12\bin;C:\Program Files\dotnet\;D:\Android\platform-tools;D:\.nvm\nvm;D:\.nodejs;C:\Program Files\Java\jdk-22\bin;D:\maven\apache-maven-3.9.9\bin;C:\Program Files (x86)\ZeroTier\One\;D:\Cmake\bin;D:\MinGW\bin;D:\flutter_sdk\flutter\bin;D:\Python 3.10.7\Scripts\;D:\Python 3.10.7\;C:\Users\Lenovo\AppData\Lo;D:\Windows Kits\10\Windows Performance Toolkit\;C:\Program Files\Java\jdk-17\bin;D:\maven\apache-maven-3.9.9\bin;D:\MinGW\bin;D:\flutter_sdk\flutter\bin;D:\Python 3.10.7\Scripts\;D:\Python 3.10.7\;C:\Users\Lenovo\AppData\Local\Microsoft\WindowsApps;C:\Users\Lenovo\AppData\Local\gitkraken\bin;C:\Users\Lenovo\AppData\Roaming\Python\Python312\Scripts;C:\php-8.3.12;C:\Users\Lenovo\AppData\Roaming\Composer\vendor\bin;C:\Users\Lenovo\go\bin;C:\Users\Lenovo\AppData\Local\Microsoft\WindowsApps;D:\IDEA\IntelliJ IDEA Community Edition 2024.3.1.1\bin;;C:\Users\Lenovo\AppData\Roaming\npm;D:\Android\platform-tools;D:\.nvm\nvm;C:\Program Files\nodejs;D:\sdk-andorid;D:\sdk-andorid\platform-tools;C:\Users\Lenovo\AppData\Local\Programs\Microsoft VS Code\bin;C:\Users\Lenovo\AppData\Local\Programs\cursor\resources\app\bin;
USERNAME=Lenovo
OS=Windows_NT
PROCESSOR_IDENTIFIER=Intel64 Family 6 Model 183 Stepping 1, GenuineIntel
TMP=C:\Users\Lenovo\AppData\Local\Temp
TEMP=C:\Users\Lenovo\AppData\Local\Temp




Periodic native trim disabled

---------------  S Y S T E M  ---------------

OS:
 Windows 11 , 64 bit Build 26100 (10.0.26100.3323)
OS uptime: 0 days 13:51 hours
Hyper-V role detected

CPU: total 16 (initial active 16) (8 cores per cpu, 2 threads per core) family 6 model 183 stepping 1 microcode 0x129, cx8, cmov, fxsr, ht, mmx, 3dnowpref, sse, sse2, sse3, ssse3, sse4.1, sse4.2, popcnt, lzcnt, tsc, tscinvbit, avx, avx2, aes, erms, clmul, bmi1, bmi2, adx, sha, fma, vzeroupper, clflush, clflushopt, clwb, hv, serialize, rdtscp, rdpid, fsrm, f16c, cet_ibt, cet_ss
Processor Information for processor 0
  Max Mhz: 2400, Current Mhz: 2400, Mhz Limit: 2400
Processor Information for processor 1
  Max Mhz: 2400, Current Mhz: 2400, Mhz Limit: 2400
Processor Information for processor 2
  Max Mhz: 2400, Current Mhz: 2400, Mhz Limit: 2400
Processor Information for processor 3
  Max Mhz: 2400, Current Mhz: 2400, Mhz Limit: 2400
Processor Information for processor 4
  Max Mhz: 2400, Current Mhz: 2400, Mhz Limit: 2400
Processor Information for processor 5
  Max Mhz: 2400, Current Mhz: 2400, Mhz Limit: 2400
Processor Information for processor 6
  Max Mhz: 2400, Current Mhz: 2400, Mhz Limit: 2400
Processor Information for processor 7
  Max Mhz: 2400, Current Mhz: 2400, Mhz Limit: 2400
Processor Information for processor 8
  Max Mhz: 2400, Current Mhz: 2400, Mhz Limit: 2400
Processor Information for processor 9
  Max Mhz: 2400, Current Mhz: 2400, Mhz Limit: 2400
Processor Information for processor 10
  Max Mhz: 2400, Current Mhz: 2400, Mhz Limit: 2400
Processor Information for processor 11
  Max Mhz: 2400, Current Mhz: 1520, Mhz Limit: 2400
Processor Information for processor 12
  Max Mhz: 2400, Current Mhz: 2400, Mhz Limit: 2400
Processor Information for processor 13
  Max Mhz: 2400, Current Mhz: 2400, Mhz Limit: 2400
Processor Information for processor 14
  Max Mhz: 2400, Current Mhz: 2400, Mhz Limit: 2400
Processor Information for processor 15
  Max Mhz: 2400, Current Mhz: 2400, Mhz Limit: 2400

Memory: 4k page, system-wide physical 11995M (574M free)
TotalPageFile size 40759M (AvailPageFile size 2M)
current process WorkingSet (physical memory assigned to process): 135M, peak: 135M
current process commit charge ("private bytes"): 257M, peak: 257M

vm_info: OpenJDK 64-Bit Server VM (21.0.7+6-LTS) for windows-amd64 JRE (21.0.7+6-LTS), built on 2025-04-15T00:00:00Z by "admin" with MS VC++ 17.7 (VS2022)

END.
